# JRE version: Java(TM) SE Runtime Environment (8.0_191-b12) (build 1.8.0_191-b12)
# Java VM: Java HotSpot(TM) 64-Bit Server VM (25.191-b12 mixed mode linux-amd64 compressed oops)
Heap:
 def new generation   total 8320K, used 0K [0x00000000f0800000, 0x00000000f1100000, 0x00000000f5aa0000)
  eden space 7424K,   0% used [0x00000000f0800000, 0x00000000f0800000, 0x00000000f0f40000)
  from space 896K,   0% used [0x00000000f1020000, 0x00000000f1020000, 0x00000000f1100000)
  to   space 896K,   0% used [0x00000000f0f40000, 0x00000000f0f40000, 0x00000000f1020000)
 tenured generation   total 18948K, used 15320K [0x00000000f5aa0000, 0x00000000f6d21000, 0x0000000100000000)
   the space 18948K,  80% used [0x00000000f5aa0000, 0x00000000f6996010, 0x00000000f6996200, 0x00000000f6d21000)
 Metaspace       used 15790K, capacity 17562K, committed 17792K, reserved 1062912K
  class space    used 3724K, capacity 4427K, committed 4480K, reserved 1048576K
GC Heap History (10 events):
Event: 3,611 GC heap after
Heap after GC invocations=60 (full 1):
 def new generation   total 8320K, used 895K [0x00000000f0800000, 0x00000000f1100000, 0x00000000f5aa0000)
  eden space 7424K,   0% used [0x00000000f0800000, 0x00000000f0800000, 0x00000000f0f40000)
  from space 896K,  99% used [0x00000000f0f40000, 0x00000000f101fff0, 0x00000000f1020000)
  to   space 896K,   0% used [0x00000000f1020000, 0x00000000f1020000, 0x00000000f1100000)
 tenured generation   total 18372K, used 12754K [0x00000000f5aa0000, 0x00000000f6c91000, 0x0000000100000000)
   the space 18372K,  69% used [0x00000000f5aa0000, 0x00000000f6714b58, 0x00000000f6714c00, 0x00000000f6c91000)
 Metaspace       used 15646K, capacity 17370K, committed 17536K, reserved 1062912K
  class space    used 3680K, capacity 4363K, committed 4480K, reserved 1048576K
}
Event: 3,641 GC heap before
{Heap before GC invocations=60 (full 1):
 def new generation   total 8320K, used 8319K [0x00000000f0800000, 0x00000000f1100000, 0x00000000f5aa0000)
  eden space 7424K, 100% used [0x00000000f0800000, 0x00000000f0f40000, 0x00000000f0f40000)
  from space 896K,  99% used [0x00000000f0f40000, 0x00000000f101fff0, 0x00000000f1020000)
  to   space 896K,   0% used [0x00000000f1020000, 0x00000000f1020000, 0x00000000f1100000)
 tenured generation   total 18372K, used 12754K [0x00000000f5aa0000, 0x00000000f6c91000, 0x0000000100000000)
   the space 18372K,  69% used [0x00000000f5aa0000, 0x00000000f6714b58, 0x00000000f6714c00, 0x00000000f6c91000)
 Metaspace       used 15679K, capacity 17466K, committed 17792K, reserved 1062912K
  class space    used 3689K, capacity 4395K, committed 4480K, reserved 1048576K
Event: 3,649 GC heap after
Heap after GC invocations=61 (full 1):
 def new generation   total 8320K, used 896K [0x00000000f0800000, 0x00000000f1100000, 0x00000000f5aa0000)
  eden space 7424K,   0% used [0x00000000f0800000, 0x00000000f0800000, 0x00000000f0f40000)
  from space 896K, 100% used [0x00000000f1020000, 0x00000000f1100000, 0x00000000f1100000)
  to   space 896K,   0% used [0x00000000f0f40000, 0x00000000f0f40000, 0x00000000f1020000)
 tenured generation   total 18372K, used 14167K [0x00000000f5aa0000, 0x00000000f6c91000, 0x0000000100000000)
   the space 18372K,  77% used [0x00000000f5aa0000, 0x00000000f6875d78, 0x00000000f6875e00, 0x00000000f6c91000)
 Metaspace       used 15679K, capacity 17466K, committed 17792K, reserved 1062912K
  class space    used 3689K, capacity 4395K, committed 4480K, reserved 1048576K
}
Event: 3,679 GC heap before
{Heap before GC invocations=61 (full 1):
 def new generation   total 8320K, used 8320K [0x00000000f0800000, 0x00000000f1100000, 0x00000000f5aa0000)
  eden space 7424K, 100% used [0x00000000f0800000, 0x00000000f0f40000, 0x00000000f0f40000)
  from space 896K, 100% used [0x00000000f1020000, 0x00000000f1100000, 0x00000000f1100000)
  to   space 896K,   0% used [0x00000000f0f40000, 0x00000000f0f40000, 0x00000000f1020000)
 tenured generation   total 18372K, used 14167K [0x00000000f5aa0000, 0x00000000f6c91000, 0x0000000100000000)
   the space 18372K,  77% used [0x00000000f5aa0000, 0x00000000f6875d78, 0x00000000f6875e00, 0x00000000f6c91000)
 Metaspace       used 15722K, capacity 17466K, committed 17792K, reserved 1062912K
  class space    used 3705K, capacity 4395K, committed 4480K, reserved 1048576K
Event: 3,712 GC heap after
Heap after GC invocations=62 (full 1):
 def new generation   total 8320K, used 896K [0x00000000f0800000, 0x00000000f1100000, 0x00000000f5aa0000)
  eden space 7424K,   0% used [0x00000000f0800000, 0x00000000f0800000, 0x00000000f0f40000)
  from space 896K, 100% used [0x00000000f0f40000, 0x00000000f1020000, 0x00000000f1020000)
  to   space 896K,   0% used [0x00000000f1020000, 0x00000000f1020000, 0x00000000f1100000)
 tenured generation   total 18372K, used 15480K [0x00000000f5aa0000, 0x00000000f6c91000, 0x0000000100000000)
   the space 18372K,  84% used [0x00000000f5aa0000, 0x00000000f69be078, 0x00000000f69be200, 0x00000000f6c91000)
 Metaspace       used 15722K, capacity 17466K, committed 17792K, reserved 1062912K
  class space    used 3705K, capacity 4395K, committed 4480K, reserved 1048576K
}
Event: 3,834 GC heap before
{Heap before GC invocations=62 (full 1):
 def new generation   total 8320K, used 8320K [0x00000000f0800000, 0x00000000f1100000, 0x00000000f5aa0000)
  eden space 7424K, 100% used [0x00000000f0800000, 0x00000000f0f40000, 0x00000000f0f40000)
  from space 896K, 100% used [0x00000000f0f40000, 0x00000000f1020000, 0x00000000f1020000)
  to   space 896K,   0% used [0x00000000f1020000, 0x00000000f1020000, 0x00000000f1100000)
 tenured generation   total 18372K, used 15480K [0x00000000f5aa0000, 0x00000000f6c91000, 0x0000000100000000)
   the space 18372K,  84% used [0x00000000f5aa0000, 0x00000000f69be078, 0x00000000f69be200, 0x00000000f6c91000)
 Metaspace       used 15726K, capacity 17466K, committed 17792K, reserved 1062912K
  class space    used 3706K, capacity 4395K, committed 4480K, reserved 1048576K
Event: 3,915 GC heap after
Heap after GC invocations=63 (full 1):
 def new generation   total 8320K, used 895K [0x00000000f0800000, 0x00000000f1100000, 0x00000000f5aa0000)
  eden space 7424K,   0% used [0x00000000f0800000, 0x00000000f0800000, 0x00000000f0f40000)
  from space 896K,  99% used [0x00000000f1020000, 0x00000000f10ffff8, 0x00000000f1100000)
  to   space 896K,   0% used [0x00000000f0f40000, 0x00000000f0f40000, 0x00000000f1020000)
 tenured generation   total 18372K, used 16847K [0x00000000f5aa0000, 0x00000000f6c91000, 0x0000000100000000)
   the space 18372K,  91% used [0x00000000f5aa0000, 0x00000000f6b13c40, 0x00000000f6b13e00, 0x00000000f6c91000)
 Metaspace       used 15726K, capacity 17466K, committed 17792K, reserved 1062912K
  class space    used 3706K, capacity 4395K, committed 4480K, reserved 1048576K
}
Event: 7,827 GC heap before
{Heap before GC invocations=63 (full 1):
 def new generation   total 8320K, used 8319K [0x00000000f0800000, 0x00000000f1100000, 0x00000000f5aa0000)
  eden space 7424K, 100% used [0x00000000f0800000, 0x00000000f0f40000, 0x00000000f0f40000)
  from space 896K,  99% used [0x00000000f1020000, 0x00000000f10ffff8, 0x00000000f1100000)
  to   space 896K,   0% used [0x00000000f0f40000, 0x00000000f0f40000, 0x00000000f1020000)
 tenured generation   total 18372K, used 16847K [0x00000000f5aa0000, 0x00000000f6c91000, 0x0000000100000000)
   the space 18372K,  91% used [0x00000000f5aa0000, 0x00000000f6b13c40, 0x00000000f6b13e00, 0x00000000f6c91000)
 Metaspace       used 15738K, capacity 17466K, committed 17792K, reserved 1062912K
  class space    used 3711K, capacity 4395K, committed 4480K, reserved 1048576K
Event: 8,187 GC heap after
Heap after GC invocations=64 (full 1):
 def new generation   total 8320K, used 896K [0x00000000f0800000, 0x00000000f1100000, 0x00000000f5aa0000)
  eden space 7424K,   0% used [0x00000000f0800000, 0x00000000f0800000, 0x00000000f0f40000)
  from space 896K, 100% used [0x00000000f0f40000, 0x00000000f1020000, 0x00000000f1020000)
  to   space 896K,   0% used [0x00000000f1020000, 0x00000000f1020000, 0x00000000f1100000)
 tenured generation   total 18372K, used 18025K [0x00000000f5aa0000, 0x00000000f6c91000, 0x0000000100000000)
   the space 18372K,  98% used [0x00000000f5aa0000, 0x00000000f6c3a6d8, 0x00000000f6c3a800, 0x00000000f6c91000)
 Metaspace       used 15738K, capacity 17466K, committed 17792K, reserved 1062912K
  class space    used 3711K, capacity 4395K, committed 4480K, reserved 1048576K
}
Event: 24,697 GC heap before
{Heap before GC invocations=64 (full 1):
 def new generation   total 8320K, used 8320K [0x00000000f0800000, 0x00000000f1100000, 0x00000000f5aa0000)
  eden space 7424K, 100% used [0x00000000f0800000, 0x00000000f0f40000, 0x00000000f0f40000)
  from space 896K, 100% used [0x00000000f0f40000, 0x00000000f1020000, 0x00000000f1020000)
  to   space 896K,   0% used [0x00000000f1020000, 0x00000000f1020000, 0x00000000f1100000)
 tenured generation   total 18372K, used 18025K [0x00000000f5aa0000, 0x00000000f6c91000, 0x0000000100000000)
   the space 18372K,  98% used [0x00000000f5aa0000, 0x00000000f6c3a6d8, 0x00000000f6c3a800, 0x00000000f6c91000)
 Metaspace       used 15790K, capacity 17562K, committed 17792K, reserved 1062912K
  class space    used 3724K, capacity 4427K, committed 4480K, reserved 1048576K

